# JRE version: OpenJDK Runtime Environment Microsoft-30338 (17.0.2+8) (build 17.0.2+8-LTS)
# Java VM: OpenJDK 64-Bit Server VM Microsoft-30338 (17.0.2+8-LTS, mixed mode, sharing, tiered, compressed oops, compressed class ptrs, g1 gc, windows-amd64)
GC Precious Log:
 CPUs: 16 total, 16 available
 Memory: 16309M
 Large Page Support: Disabled
 NUMA Support: Disabled
 Compressed Oops: Enabled (Zero based)
 Heap Region Size: 2M
 Heap Min Capacity: 8M
 Heap Initial Capacity: 256M
 Heap Max Capacity: 4078M
 Pre-touch: Disabled
 Parallel Workers: 13
 Concurrent Workers: 3
 Concurrent Refinement Workers: 13
 Periodic GC: Disabled
Heap:
 garbage-first heap   total 61440K, used 29005K [0x0000000701200000, 0x0000000800000000)
  region size 2048K, 8 young (16384K), 0 survivors (0K)
 Metaspace       used 4861K, committed 4992K, reserved 1056768K
  class space    used 463K, committed 512K, reserved 1048576K
GC Heap History (20 events):
Event: 1502.629 GC heap before
{Heap before GC invocations=6408 (full 1488):
 garbage-first heap   total 61440K, used 33558K [0x0000000701200000, 0x0000000800000000)
  region size 2048K, 10 young (20480K), 0 survivors (0K)
 Metaspace       used 4861K, committed 4992K, reserved 1056768K
  class space    used 463K, committed 512K, reserved 1048576K
}
Event: 1502.650 GC heap after
{Heap after GC invocations=6409 (full 1488):
 garbage-first heap   total 61440K, used 19297K [0x0000000701200000, 0x0000000800000000)
  region size 2048K, 2 young (4096K), 2 survivors (4096K)
 Metaspace       used 4861K, committed 4992K, reserved 1056768K
  class space    used 463K, committed 512K, reserved 1048576K
}
Event: 1502.723 GC heap before
{Heap before GC invocations=6410 (full 1488):
 garbage-first heap   total 61440K, used 28746K [0x0000000701200000, 0x0000000800000000)
  region size 2048K, 9 young (18432K), 2 survivors (4096K)
 Metaspace       used 4861K, committed 4992K, reserved 1056768K
  class space    used 463K, committed 512K, reserved 1048576K
}
Event: 1502.727 GC heap after
{Heap after GC invocations=6411 (full 1488):
 garbage-first heap   total 61440K, used 12630K [0x0000000701200000, 0x0000000800000000)
  region size 2048K, 1 young (2048K), 1 survivors (2048K)
 Metaspace       used 4861K, committed 4992K, reserved 1056768K
  class space    used 463K, committed 512K, reserved 1048576K
}
Event: 1502.741 GC heap before
{Heap before GC invocations=6411 (full 1488):
 garbage-first heap   total 61440K, used 14678K [0x0000000701200000, 0x0000000800000000)
  region size 2048K, 2 young (4096K), 1 survivors (2048K)
 Metaspace       used 4861K, committed 4992K, reserved 1056768K
  class space    used 463K, committed 512K, reserved 1048576K
}
Event: 1502.744 GC heap after
{Heap after GC invocations=6412 (full 1488):
 garbage-first heap   total 61440K, used 9505K [0x0000000701200000, 0x0000000800000000)
  region size 2048K, 1 young (2048K), 1 survivors (2048K)
 Metaspace       used 4861K, committed 4992K, reserved 1056768K
  class space    used 463K, committed 512K, reserved 1048576K
}
Event: 1502.969 GC heap before
{Heap before GC invocations=6412 (full 1488):
 garbage-first heap   total 61440K, used 34081K [0x0000000701200000, 0x0000000800000000)
  region size 2048K, 13 young (26624K), 1 survivors (2048K)
 Metaspace       used 4861K, committed 4992K, reserved 1056768K
  class space    used 463K, committed 512K, reserved 1048576K
}
Event: 1502.986 GC heap after
{Heap after GC invocations=6413 (full 1488):
 garbage-first heap   total 161792K, used 14214K [0x0000000701200000, 0x0000000800000000)
  region size 2048K, 2 young (4096K), 2 survivors (4096K)
 Metaspace       used 4861K, committed 4992K, reserved 1056768K
  class space    used 463K, committed 512K, reserved 1048576K
}
Event: 1503.455 GC heap before
{Heap before GC invocations=6413 (full 1488):
 garbage-first heap   total 161792K, used 61318K [0x0000000701200000, 0x0000000800000000)
  region size 2048K, 26 young (53248K), 2 survivors (4096K)
 Metaspace       used 4861K, committed 4992K, reserved 1056768K
  class space    used 463K, committed 512K, reserved 1048576K
}
Event: 1503.476 GC heap after
{Heap after GC invocations=6414 (full 1489):
 garbage-first heap   total 61440K, used 14326K [0x0000000701200000, 0x0000000800000000)
  region size 2048K, 0 young (0K), 0 survivors (0K)
 Metaspace       used 4861K, committed 4992K, reserved 1056768K
  class space    used 463K, committed 512K, reserved 1048576K
}
Event: 1503.630 GC heap before
{Heap before GC invocations=6414 (full 1489):
 garbage-first heap   total 61440K, used 34806K [0x0000000701200000, 0x0000000800000000)
  region size 2048K, 10 young (20480K), 0 survivors (0K)
 Metaspace       used 4861K, committed 4992K, reserved 1056768K
  class space    used 463K, committed 512K, reserved 1048576K
}
Event: 1503.641 GC heap after
{Heap after GC invocations=6415 (full 1489):
 garbage-first heap   total 61440K, used 18039K [0x0000000701200000, 0x0000000800000000)
  region size 2048K, 2 young (4096K), 2 survivors (4096K)
 Metaspace       used 4861K, committed 4992K, reserved 1056768K
  class space    used 463K, committed 512K, reserved 1048576K
}
Event: 1503.781 GC heap before
{Heap before GC invocations=6416 (full 1489):
 garbage-first heap   total 40960K, used 28289K [0x0000000701200000, 0x0000000800000000)
  region size 2048K, 11 young (22528K), 2 survivors (4096K)
 Metaspace       used 4861K, committed 4992K, reserved 1056768K
  class space    used 463K, committed 512K, reserved 1048576K
}
Event: 1503.791 GC heap after
{Heap after GC invocations=6417 (full 1489):
 garbage-first heap   total 40960K, used 9780K [0x0000000701200000, 0x0000000800000000)
  region size 2048K, 2 young (4096K), 2 survivors (4096K)
 Metaspace       used 4861K, committed 4992K, reserved 1056768K
  class space    used 463K, committed 512K, reserved 1048576K
}
Event: 1503.804 GC heap before
{Heap before GC invocations=6417 (full 1489):
 garbage-first heap   total 40960K, used 11828K [0x0000000701200000, 0x0000000800000000)
  region size 2048K, 3 young (6144K), 2 survivors (4096K)
 Metaspace       used 4861K, committed 4992K, reserved 1056768K
  class space    used 463K, committed 512K, reserved 1048576K
}
Event: 1503.807 GC heap after
{Heap after GC invocations=6418 (full 1489):
 garbage-first heap   total 40960K, used 5773K [0x0000000701200000, 0x0000000800000000)
  region size 2048K, 1 young (2048K), 1 survivors (2048K)
 Metaspace       used 4861K, committed 4992K, reserved 1056768K
  class space    used 463K, committed 512K, reserved 1048576K
}
Event: 1503.950 GC heap before
{Heap before GC invocations=6418 (full 1489):
 garbage-first heap   total 40960K, used 22157K [0x0000000701200000, 0x0000000800000000)
  region size 2048K, 9 young (18432K), 1 survivors (2048K)
 Metaspace       used 4861K, committed 4992K, reserved 1056768K
  class space    used 463K, committed 512K, reserved 1048576K
}
Event: 1503.960 GC heap after
{Heap after GC invocations=6419 (full 1489):
 garbage-first heap   total 151552K, used 8267K [0x0000000701200000, 0x0000000800000000)
  region size 2048K, 2 young (4096K), 2 survivors (4096K)
 Metaspace       used 4861K, committed 4992K, reserved 1056768K
  class space    used 463K, committed 512K, reserved 1048576K
}
Event: 1504.462 GC heap before
{Heap before GC invocations=6419 (full 1489):
 garbage-first heap   total 151552K, used 65611K [0x0000000701200000, 0x0000000800000000)
  region size 2048K, 31 young (63488K), 2 survivors (4096K)
 Metaspace       used 4861K, committed 4992K, reserved 1056768K
  class space    used 463K, committed 512K, reserved 1048576K
}
Event: 1504.482 GC heap after
{Heap after GC invocations=6420 (full 1490):
 garbage-first heap   total 61440K, used 14669K [0x0000000701200000, 0x0000000800000000)
  region size 2048K, 0 young (0K), 0 survivors (0K)
 Metaspace       used 4861K, committed 4992K, reserved 1056768K
  class space    used 463K, committed 512K, reserved 1048576K
}

